warning: POST en /add-to-cart - at 9/5/2024 21:53:51
warning: POST en /logout - at 9/5/2024 21:54:12
warning: GET en / - at 9/5/2024 21:54:12
warning: GET en /css/chat.css - at 9/5/2024 21:54:12
warning: GET en /css/styles.css - at 9/5/2024 21:54:12
warning: GET en /images/home.jpg - at 9/5/2024 21:54:12
warning: GET en / - at 9/5/2024 21:59:01
warning: GET en /css/chat.css - at 9/5/2024 21:59:01
warning: GET en /css/styles.css - at 9/5/2024 21:59:01
warning: GET en /images/home.jpg - at 9/5/2024 21:59:01
warning: GET en /login - at 9/5/2024 21:59:03
warning: GET en /css/chat.css - at 9/5/2024 21:59:03
warning: GET en /css/styles.css - at 9/5/2024 21:59:03
warning: GET en /images/login.jpg - at 9/5/2024 21:59:03
warning: POST en /login - at 9/5/2024 21:59:10
warning: GET en /productos - at 9/5/2024 21:59:10
warning: GET en /productos/ - at 9/5/2024 21:59:10
warning: GET en /productos/css/chat.css - at 9/5/2024 21:59:11
warning: GET en /css/styles.css - at 9/5/2024 21:59:11
warning: GET en /productos/js/cart.js - at 9/5/2024 21:59:11
warning: GET en /productos/?sort=asc&category=casa - at 9/5/2024 21:59:17
warning: GET en /productos/css/chat.css - at 9/5/2024 21:59:17
warning: GET en /css/styles.css - at 9/5/2024 21:59:17
warning: GET en /productos/js/cart.js - at 9/5/2024 21:59:17
